2024-05-24 22:01:55.886 [info] Log level: Info
2024-05-24 22:01:55.886 [info] Validating found git in: "git"
2024-05-24 22:01:55.886 [info] Using git "2.34.1" from "git"
2024-05-24 22:01:55.886 [info] > git rev-parse --show-toplevel [144ms]
2024-05-24 22:01:55.886 [info] > git rev-parse --git-dir --git-common-dir [6ms]
2024-05-24 22:01:55.886 [info] Open repository: /home/kyawkyawlin/Sites/laravel10-collection
2024-05-24 22:01:55.896 [info] > git rev-parse --show-toplevel [2ms]
2024-05-24 22:01:55.897 [info] > git config --get commit.template [6ms]
2024-05-24 22:01:55.954 [info] > git rev-parse --show-toplevel [9ms]
2024-05-24 22:01:55.960 [info] > git for-each-ref --format=%(refname)%00%(upstream:short)%00%(objectname)%00%(upstream:track)%00%(upstream:remotename)%00%(upstream:remoteref) refs/heads/main refs/remotes/main [6ms]
2024-05-24 22:01:55.963 [info] > git rev-parse --show-toplevel [3ms]
2024-05-24 22:01:56.006 [info] > git status -z -uall [36ms]
2024-05-24 22:01:56.006 [info] > git rev-parse --show-toplevel [40ms]
2024-05-24 22:01:56.031 [info] > git merge-base refs/heads/main refs/remotes/origin/main [14ms]
2024-05-24 22:01:56.035 [info] > git rev-parse --show-toplevel [24ms]
2024-05-24 22:01:56.049 [info] > git rev-list --count --left-right refs/heads/main...refs/remotes/origin/main [14ms]
2024-05-24 22:01:56.059 [info] > git config --get commit.template [27ms]
2024-05-24 22:01:56.059 [info] > git rev-parse --show-toplevel [11ms]
2024-05-24 22:01:56.073 [info] > git for-each-ref --format=%(refname)%00%(upstream:short)%00%(objectname)%00%(upstream:track)%00%(upstream:remotename)%00%(upstream:remoteref) refs/heads/main refs/remotes/main [8ms]
2024-05-24 22:01:56.074 [info] > git diff --name-status -z --diff-filter=ADMR aa5bb41ab0936b24d044d0b34a44e244470830ee...refs/remotes/origin/main [17ms]
2024-05-24 22:01:56.076 [info] > git rev-parse --show-toplevel [2ms]
2024-05-24 22:01:56.082 [info] > git rev-parse --show-toplevel [3ms]
2024-05-24 22:01:56.085 [info] > git status -z -uall [3ms]
2024-05-24 22:01:56.091 [info] > git rev-parse --show-toplevel [6ms]
2024-05-24 22:01:56.096 [info] > git rev-parse --show-toplevel [1ms]
2024-05-24 22:01:56.100 [info] > git rev-parse --show-toplevel [1ms]
2024-05-24 22:01:56.112 [info] > git config --local branch.main.github-pr-owner-number [1ms]
2024-05-24 22:01:56.112 [warning] git config failed: Failed to execute git
2024-05-24 22:01:56.403 [info] > git check-ignore -v -z --stdin [0ms]
2024-05-24 22:01:59.000 [info] > git config --get commit.template [4ms]
2024-05-24 22:01:59.000 [info] > git for-each-ref --format=%(refname)%00%(upstream:short)%00%(objectname)%00%(upstream:track)%00%(upstream:remotename)%00%(upstream:remoteref) refs/heads/main refs/remotes/main [1ms]
2024-05-24 22:01:59.006 [info] > git status -z -uall [2ms]
2024-05-24 22:01:59.897 [info] > git check-ignore -v -z --stdin [1ms]
2024-05-24 22:02:00.738 [info] > git check-ignore -v -z --stdin [1ms]
2024-05-24 22:02:01.545 [info] > git check-ignore -v -z --stdin [1ms]
2024-05-24 22:02:04.870 [info] > git config --get commit.template [151ms]
2024-05-24 22:02:04.949 [info] > git show --textconv :app/Http/Controllers/Controller.php [42ms]
2024-05-24 22:02:04.949 [info] > git ls-files --stage -- /home/kyawkyawlin/Sites/laravel10-collection/app/Http/Controllers/Controller.php [37ms]
2024-05-24 22:02:04.979 [info] > git cat-file -s 77ec359ab4de60f6dd2205cbc5b2aab373d8a185 [26ms]
2024-05-24 22:02:04.989 [info] > git for-each-ref --format=%(refname)%00%(upstream:short)%00%(objectname)%00%(upstream:track)%00%(upstream:remotename)%00%(upstream:remoteref) refs/heads/main refs/remotes/main [13ms]
2024-05-24 22:02:05.019 [info] > git status -z -uall [14ms]
2024-05-24 22:02:10.039 [info] > git config --get commit.template [4ms]
2024-05-24 22:02:10.039 [info] > git for-each-ref --format=%(refname)%00%(upstream:short)%00%(objectname)%00%(upstream:track)%00%(upstream:remotename)%00%(upstream:remoteref) refs/heads/main refs/remotes/main [1ms]
2024-05-24 22:02:10.045 [info] > git status -z -uall [3ms]
2024-05-24 22:02:22.639 [info] > git config --get commit.template [4ms]
2024-05-24 22:02:22.640 [info] > git for-each-ref --format=%(refname)%00%(upstream:short)%00%(objectname)%00%(upstream:track)%00%(upstream:remotename)%00%(upstream:remoteref) refs/heads/main refs/remotes/main [1ms]
2024-05-24 22:02:22.646 [info] > git status -z -uall [3ms]
2024-05-24 22:02:27.666 [info] > git config --get commit.template [6ms]
2024-05-24 22:02:27.666 [info] > git for-each-ref --format=%(refname)%00%(upstream:short)%00%(objectname)%00%(upstream:track)%00%(upstream:remotename)%00%(upstream:remoteref) refs/heads/main refs/remotes/main [1ms]
2024-05-24 22:02:27.674 [info] > git status -z -uall [4ms]
2024-05-24 22:02:32.393 [info] > git check-ignore -v -z --stdin [1ms]
2024-05-24 22:02:32.691 [info] > git config --get commit.template [4ms]
2024-05-24 22:02:32.692 [info] > git for-each-ref --format=%(refname)%00%(upstream:short)%00%(objectname)%00%(upstream:track)%00%(upstream:remotename)%00%(upstream:remoteref) refs/heads/main refs/remotes/main [1ms]
2024-05-24 22:02:32.698 [info] > git status -z -uall [3ms]
2024-05-24 22:02:33.190 [info] > git show --textconv :app/Http/Controllers/HomeController.php [4ms]
2024-05-24 22:02:33.191 [info] > git ls-files --stage -- /home/kyawkyawlin/Sites/laravel10-collection/app/Http/Controllers/HomeController.php [2ms]
2024-05-24 22:02:37.711 [info] > git config --get commit.template [4ms]
2024-05-24 22:02:37.711 [info] > git for-each-ref --format=%(refname)%00%(upstream:short)%00%(objectname)%00%(upstream:track)%00%(upstream:remotename)%00%(upstream:remoteref) refs/heads/main refs/remotes/main [1ms]
2024-05-24 22:02:37.718 [info] > git status -z -uall [3ms]
2024-05-24 22:02:42.747 [info] > git config --get commit.template [8ms]
2024-05-24 22:02:42.748 [info] > git for-each-ref --format=%(refname)%00%(upstream:short)%00%(objectname)%00%(upstream:track)%00%(upstream:remotename)%00%(upstream:remoteref) refs/heads/main refs/remotes/main [1ms]
2024-05-24 22:02:42.754 [info] > git status -z -uall [3ms]
2024-05-24 22:02:46.095 [info] > git ls-files --stage -- /home/kyawkyawlin/Sites/laravel10-collection/routes/web.php [1ms]
2024-05-24 22:02:46.099 [info] > git show --textconv :routes/web.php [9ms]
2024-05-24 22:02:46.099 [info] > git cat-file -s d259f33ea86c43a079839b711b6129d5798f38f4 [1ms]
2024-05-24 22:02:46.432 [info] > git check-ignore -v -z --stdin [1ms]
2024-05-24 22:02:47.766 [info] > git config --get commit.template [3ms]
2024-05-24 22:02:47.767 [info] > git for-each-ref --format=%(refname)%00%(upstream:short)%00%(objectname)%00%(upstream:track)%00%(upstream:remotename)%00%(upstream:remoteref) refs/heads/main refs/remotes/main [1ms]
2024-05-24 22:02:47.774 [info] > git status -z -uall [3ms]
2024-05-24 22:02:52.787 [info] > git config --get commit.template [4ms]
2024-05-24 22:02:52.788 [info] > git for-each-ref --format=%(refname)%00%(upstream:short)%00%(objectname)%00%(upstream:track)%00%(upstream:remotename)%00%(upstream:remoteref) refs/heads/main refs/remotes/main [1ms]
2024-05-24 22:02:52.794 [info] > git status -z -uall [3ms]
2024-05-24 22:02:57.808 [info] > git config --get commit.template [4ms]
2024-05-24 22:02:57.808 [info] > git for-each-ref --format=%(refname)%00%(upstream:short)%00%(objectname)%00%(upstream:track)%00%(upstream:remotename)%00%(upstream:remoteref) refs/heads/main refs/remotes/main [1ms]
2024-05-24 22:02:57.814 [info] > git status -z -uall [3ms]
2024-05-24 22:03:01.637 [info] > git show --textconv :app/Http/Controllers/HomeController.php [4ms]
2024-05-24 22:03:01.638 [info] > git ls-files --stage -- /home/kyawkyawlin/Sites/laravel10-collection/app/Http/Controllers/HomeController.php [1ms]
2024-05-24 22:03:02.827 [info] > git config --get commit.template [3ms]
2024-05-24 22:03:02.828 [info] > git for-each-ref --format=%(refname)%00%(upstream:short)%00%(objectname)%00%(upstream:track)%00%(upstream:remotename)%00%(upstream:remoteref) refs/heads/main refs/remotes/main [1ms]
2024-05-24 22:03:02.835 [info] > git status -z -uall [4ms]
2024-05-24 22:03:07.848 [info] > git config --get commit.template [3ms]
2024-05-24 22:03:07.849 [info] > git for-each-ref --format=%(refname)%00%(upstream:short)%00%(objectname)%00%(upstream:track)%00%(upstream:remotename)%00%(upstream:remoteref) refs/heads/main refs/remotes/main [1ms]
2024-05-24 22:03:07.859 [info] > git status -z -uall [5ms]
2024-05-24 22:03:36.828 [info] > git config --get commit.template [10ms]
2024-05-24 22:03:36.829 [info] > git for-each-ref --format=%(refname)%00%(upstream:short)%00%(objectname)%00%(upstream:track)%00%(upstream:remotename)%00%(upstream:remoteref) refs/heads/main refs/remotes/main [1ms]
2024-05-24 22:03:36.841 [info] > git status -z -uall [6ms]
2024-05-24 22:06:55.890 [info] > git config --local branch.main.github-pr-owner-number [1ms]
2024-05-24 22:06:55.890 [warning] git config failed: Failed to execute git
2024-05-24 22:09:00.245 [info] > git config --get commit.template [10ms]
2024-05-24 22:09:00.246 [info] > git for-each-ref --format=%(refname)%00%(upstream:short)%00%(objectname)%00%(upstream:track)%00%(upstream:remotename)%00%(upstream:remoteref) refs/heads/avg refs/remotes/avg [3ms]
2024-05-24 22:09:00.262 [info] > git status -z -uall [9ms]
2024-05-24 22:09:00.275 [info] > git ls-files --stage -- /home/kyawkyawlin/Sites/laravel10-collection/app/Http/Controllers/HomeController.php [14ms]
2024-05-24 22:09:00.295 [info] > git show --textconv :app/Http/Controllers/HomeController.php [1ms]
2024-05-24 22:09:00.295 [info] > git config --local branch.avg.github-pr-owner-number [8ms]
2024-05-24 22:09:00.295 [warning] git config failed: Failed to execute git
2024-05-24 22:09:00.303 [info] > git config --local branch.avg.remote [2ms]
2024-05-24 22:09:00.303 [warning] git config failed: Failed to execute git
2024-05-24 22:09:00.312 [info] > git config --local branch.avg.merge [1ms]
2024-05-24 22:09:00.312 [warning] git config failed: Failed to execute git
2024-05-24 22:09:05.283 [info] > git config --get commit.template [3ms]
2024-05-24 22:09:05.283 [info] > git for-each-ref --format=%(refname)%00%(upstream:short)%00%(objectname)%00%(upstream:track)%00%(upstream:remotename)%00%(upstream:remoteref) refs/heads/avg refs/remotes/avg [1ms]
2024-05-24 22:09:05.289 [info] > git status -z -uall [3ms]
2024-05-24 22:09:12.666 [info] > git config --get commit.template [14ms]
2024-05-24 22:09:12.668 [info] > git for-each-ref --format=%(refname)%00%(upstream:short)%00%(objectname)%00%(upstream:track)%00%(upstream:remotename)%00%(upstream:remoteref) refs/heads/avg refs/remotes/avg [3ms]
2024-05-24 22:09:12.677 [info] > git status -z -uall [3ms]
2024-05-24 22:09:19.634 [info] > git config --get commit.template [8ms]
2024-05-24 22:09:19.636 [info] > git for-each-ref --format=%(refname)%00%(upstream:short)%00%(objectname)%00%(upstream:track)%00%(upstream:remotename)%00%(upstream:remoteref) refs/heads/avg refs/remotes/avg [3ms]
2024-05-24 22:09:19.653 [info] > git status -z -uall [3ms]
2024-05-24 22:09:32.448 [info] > git config --get commit.template [9ms]
2024-05-24 22:09:32.449 [info] > git for-each-ref --format=%(refname)%00%(upstream:short)%00%(objectname)%00%(upstream:track)%00%(upstream:remotename)%00%(upstream:remoteref) refs/heads/avg refs/remotes/avg [2ms]
2024-05-24 22:09:32.461 [info] > git status -z -uall [5ms]
2024-05-24 22:09:37.478 [info] > git config --get commit.template [4ms]
2024-05-24 22:09:37.478 [info] > git for-each-ref --format=%(refname)%00%(upstream:short)%00%(objectname)%00%(upstream:track)%00%(upstream:remotename)%00%(upstream:remoteref) refs/heads/avg refs/remotes/avg [1ms]
2024-05-24 22:09:37.484 [info] > git status -z -uall [3ms]
2024-05-24 22:09:42.496 [info] > git config --get commit.template [4ms]
2024-05-24 22:09:42.497 [info] > git for-each-ref --format=%(refname)%00%(upstream:short)%00%(objectname)%00%(upstream:track)%00%(upstream:remotename)%00%(upstream:remoteref) refs/heads/avg refs/remotes/avg [1ms]
2024-05-24 22:09:42.503 [info] > git status -z -uall [3ms]
2024-05-24 22:09:47.515 [info] > git config --get commit.template [3ms]
2024-05-24 22:09:47.515 [info] > git for-each-ref --format=%(refname)%00%(upstream:short)%00%(objectname)%00%(upstream:track)%00%(upstream:remotename)%00%(upstream:remoteref) refs/heads/avg refs/remotes/avg [0ms]
2024-05-24 22:09:47.521 [info] > git status -z -uall [2ms]
2024-05-24 22:09:52.532 [info] > git config --get commit.template [3ms]
2024-05-24 22:09:52.532 [info] > git for-each-ref --format=%(refname)%00%(upstream:short)%00%(objectname)%00%(upstream:track)%00%(upstream:remotename)%00%(upstream:remoteref) refs/heads/avg refs/remotes/avg [0ms]
2024-05-24 22:09:52.540 [info] > git status -z -uall [4ms]
2024-05-24 22:10:00.396 [info] > git config --get commit.template [17ms]
2024-05-24 22:10:00.397 [info] > git for-each-ref --format=%(refname)%00%(upstream:short)%00%(objectname)%00%(upstream:track)%00%(upstream:remotename)%00%(upstream:remoteref) refs/heads/avg refs/remotes/avg [2ms]
2024-05-24 22:10:00.420 [info] > git status -z -uall [8ms]
2024-05-24 22:10:09.344 [info] > git config --get commit.template [4ms]
2024-05-24 22:10:09.365 [info] > git for-each-ref --format=%(refname)%00%(upstream:short)%00%(objectname)%00%(upstream:track)%00%(upstream:remotename)%00%(upstream:remoteref) refs/heads/avg refs/remotes/avg [3ms]
2024-05-24 22:10:09.376 [info] > git status -z -uall [4ms]
2024-05-24 22:10:15.172 [info] > git config --get commit.template [12ms]
2024-05-24 22:10:15.173 [info] > git for-each-ref --format=%(refname)%00%(upstream:short)%00%(objectname)%00%(upstream:track)%00%(upstream:remotename)%00%(upstream:remoteref) refs/heads/avg refs/remotes/avg [2ms]
2024-05-24 22:10:15.193 [info] > git status -z -uall [5ms]
2024-05-24 22:10:31.126 [info] > git config --get commit.template [8ms]
2024-05-24 22:10:31.129 [info] > git for-each-ref --format=%(refname)%00%(upstream:short)%00%(objectname)%00%(upstream:track)%00%(upstream:remotename)%00%(upstream:remoteref) refs/heads/avg refs/remotes/avg [4ms]
2024-05-24 22:10:31.144 [info] > git status -z -uall [6ms]
2024-05-24 22:10:46.844 [info] > git config --get commit.template [15ms]
2024-05-24 22:10:46.845 [info] > git for-each-ref --format=%(refname)%00%(upstream:short)%00%(objectname)%00%(upstream:track)%00%(upstream:remotename)%00%(upstream:remoteref) refs/heads/avg refs/remotes/avg [2ms]
2024-05-24 22:10:46.860 [info] > git status -z -uall [4ms]
2024-05-24 22:10:59.963 [info] > git config --get commit.template [14ms]
2024-05-24 22:10:59.965 [info] > git for-each-ref --format=%(refname)%00%(upstream:short)%00%(objectname)%00%(upstream:track)%00%(upstream:remotename)%00%(upstream:remoteref) refs/heads/avg refs/remotes/avg [3ms]
2024-05-24 22:10:59.977 [info] > git status -z -uall [4ms]
2024-05-24 22:11:12.971 [info] > git config --get commit.template [19ms]
2024-05-24 22:11:12.973 [info] > git for-each-ref --format=%(refname)%00%(upstream:short)%00%(objectname)%00%(upstream:track)%00%(upstream:remotename)%00%(upstream:remoteref) refs/heads/avg refs/remotes/avg [4ms]
2024-05-24 22:11:12.988 [info] > git status -z -uall [4ms]
2024-05-24 22:11:18.002 [info] > git config --get commit.template [4ms]
2024-05-24 22:11:18.002 [info] > git for-each-ref --format=%(refname)%00%(upstream:short)%00%(objectname)%00%(upstream:track)%00%(upstream:remotename)%00%(upstream:remoteref) refs/heads/avg refs/remotes/avg [1ms]
2024-05-24 22:11:18.009 [info] > git status -z -uall [3ms]
2024-05-24 22:11:23.022 [info] > git config --get commit.template [3ms]
2024-05-24 22:11:23.023 [info] > git for-each-ref --format=%(refname)%00%(upstream:short)%00%(objectname)%00%(upstream:track)%00%(upstream:remotename)%00%(upstream:remoteref) refs/heads/avg refs/remotes/avg [1ms]
2024-05-24 22:11:23.029 [info] > git status -z -uall [3ms]
2024-05-24 22:11:36.647 [info] > git config --get commit.template [10ms]
2024-05-24 22:11:36.648 [info] > git for-each-ref --format=%(refname)%00%(upstream:short)%00%(objectname)%00%(upstream:track)%00%(upstream:remotename)%00%(upstream:remoteref) refs/heads/avg refs/remotes/avg [2ms]
2024-05-24 22:11:36.658 [info] > git status -z -uall [4ms]
2024-05-24 22:11:41.672 [info] > git config --get commit.template [3ms]
2024-05-24 22:11:41.673 [info] > git for-each-ref --format=%(refname)%00%(upstream:short)%00%(objectname)%00%(upstream:track)%00%(upstream:remotename)%00%(upstream:remoteref) refs/heads/avg refs/remotes/avg [1ms]
2024-05-24 22:11:41.679 [info] > git status -z -uall [3ms]
2024-05-24 22:11:47.148 [info] > git config --get commit.template [2ms]
2024-05-24 22:11:47.167 [info] > git for-each-ref --format=%(refname)%00%(upstream:short)%00%(objectname)%00%(upstream:track)%00%(upstream:remotename)%00%(upstream:remoteref) refs/heads/avg refs/remotes/avg [4ms]
2024-05-24 22:11:47.180 [info] > git status -z -uall [3ms]
2024-05-24 22:11:52.198 [info] > git config --get commit.template [5ms]
2024-05-24 22:11:52.198 [info] > git for-each-ref --format=%(refname)%00%(upstream:short)%00%(objectname)%00%(upstream:track)%00%(upstream:remotename)%00%(upstream:remoteref) refs/heads/avg refs/remotes/avg [1ms]
2024-05-24 22:11:52.205 [info] > git status -z -uall [4ms]
2024-05-24 22:11:55.896 [info] > git config --local branch.avg.github-pr-owner-number [1ms]
2024-05-24 22:11:55.896 [warning] git config failed: Failed to execute git
2024-05-24 22:11:57.218 [info] > git config --get commit.template [4ms]
2024-05-24 22:11:57.219 [info] > git for-each-ref --format=%(refname)%00%(upstream:short)%00%(objectname)%00%(upstream:track)%00%(upstream:remotename)%00%(upstream:remoteref) refs/heads/avg refs/remotes/avg [2ms]
2024-05-24 22:11:57.225 [info] > git status -z -uall [3ms]
2024-05-24 22:12:02.237 [info] > git config --get commit.template [4ms]
2024-05-24 22:12:02.238 [info] > git for-each-ref --format=%(refname)%00%(upstream:short)%00%(objectname)%00%(upstream:track)%00%(upstream:remotename)%00%(upstream:remoteref) refs/heads/avg refs/remotes/avg [1ms]
2024-05-24 22:12:02.244 [info] > git status -z -uall [3ms]
2024-05-24 22:12:07.257 [info] > git config --get commit.template [3ms]
2024-05-24 22:12:07.257 [info] > git for-each-ref --format=%(refname)%00%(upstream:short)%00%(objectname)%00%(upstream:track)%00%(upstream:remotename)%00%(upstream:remoteref) refs/heads/avg refs/remotes/avg [1ms]
2024-05-24 22:12:07.263 [info] > git status -z -uall [3ms]
2024-05-24 22:12:12.275 [info] > git config --get commit.template [3ms]
2024-05-24 22:12:12.276 [info] > git for-each-ref --format=%(refname)%00%(upstream:short)%00%(objectname)%00%(upstream:track)%00%(upstream:remotename)%00%(upstream:remoteref) refs/heads/avg refs/remotes/avg [1ms]
2024-05-24 22:12:12.282 [info] > git status -z -uall [3ms]
2024-05-24 22:12:17.294 [info] > git config --get commit.template [4ms]
2024-05-24 22:12:17.294 [info] > git for-each-ref --format=%(refname)%00%(upstream:short)%00%(objectname)%00%(upstream:track)%00%(upstream:remotename)%00%(upstream:remoteref) refs/heads/avg refs/remotes/avg [1ms]
2024-05-24 22:12:17.301 [info] > git status -z -uall [4ms]
2024-05-24 22:12:22.313 [info] > git config --get commit.template [4ms]
2024-05-24 22:12:22.313 [info] > git for-each-ref --format=%(refname)%00%(upstream:short)%00%(objectname)%00%(upstream:track)%00%(upstream:remotename)%00%(upstream:remoteref) refs/heads/avg refs/remotes/avg [1ms]
2024-05-24 22:12:22.320 [info] > git status -z -uall [3ms]
2024-05-24 22:12:27.331 [info] > git config --get commit.template [3ms]
2024-05-24 22:12:27.332 [info] > git for-each-ref --format=%(refname)%00%(upstream:short)%00%(objectname)%00%(upstream:track)%00%(upstream:remotename)%00%(upstream:remoteref) refs/heads/avg refs/remotes/avg [1ms]
2024-05-24 22:12:27.338 [info] > git status -z -uall [3ms]
2024-05-24 22:12:34.283 [info] > git config --get commit.template [34ms]
2024-05-24 22:12:34.291 [info] > git for-each-ref --format=%(refname)%00%(upstream:short)%00%(objectname)%00%(upstream:track)%00%(upstream:remotename)%00%(upstream:remoteref) refs/heads/avg refs/remotes/avg [2ms]
2024-05-24 22:12:34.303 [info] > git status -z -uall [4ms]
2024-05-24 22:12:41.690 [info] > git config --get commit.template [17ms]
2024-05-24 22:12:41.691 [info] > git for-each-ref --format=%(refname)%00%(upstream:short)%00%(objectname)%00%(upstream:track)%00%(upstream:remotename)%00%(upstream:remoteref) refs/heads/avg refs/remotes/avg [2ms]
2024-05-24 22:12:41.705 [info] > git status -z -uall [5ms]
2024-05-24 22:12:53.069 [info] > git config --get commit.template [1ms]
2024-05-24 22:12:53.081 [info] > git for-each-ref --format=%(refname)%00%(upstream:short)%00%(objectname)%00%(upstream:track)%00%(upstream:remotename)%00%(upstream:remoteref) refs/heads/avg refs/remotes/avg [2ms]
2024-05-24 22:12:53.093 [info] > git status -z -uall [5ms]
2024-05-24 22:13:02.159 [info] > git config --get commit.template [14ms]
2024-05-24 22:13:02.160 [info] > git for-each-ref --format=%(refname)%00%(upstream:short)%00%(objectname)%00%(upstream:track)%00%(upstream:remotename)%00%(upstream:remoteref) refs/heads/avg refs/remotes/avg [4ms]
2024-05-24 22:13:02.175 [info] > git status -z -uall [4ms]
2024-05-24 22:13:07.191 [info] > git config --get commit.template [4ms]
2024-05-24 22:13:07.192 [info] > git for-each-ref --format=%(refname)%00%(upstream:short)%00%(objectname)%00%(upstream:track)%00%(upstream:remotename)%00%(upstream:remoteref) refs/heads/avg refs/remotes/avg [1ms]
2024-05-24 22:13:07.199 [info] > git status -z -uall [4ms]
2024-05-24 22:13:12.814 [info] > git config --get commit.template [6ms]
2024-05-24 22:13:12.851 [info] > git for-each-ref --format=%(refname)%00%(upstream:short)%00%(objectname)%00%(upstream:track)%00%(upstream:remotename)%00%(upstream:remoteref) refs/heads/avg refs/remotes/avg [1ms]
2024-05-24 22:13:12.862 [info] > git status -z -uall [4ms]
2024-05-24 22:13:17.880 [info] > git config --get commit.template [4ms]
2024-05-24 22:13:17.880 [info] > git for-each-ref --format=%(refname)%00%(upstream:short)%00%(objectname)%00%(upstream:track)%00%(upstream:remotename)%00%(upstream:remoteref) refs/heads/avg refs/remotes/avg [1ms]
2024-05-24 22:13:17.886 [info] > git status -z -uall [3ms]
2024-05-24 22:13:24.570 [info] > git config --get commit.template [16ms]
2024-05-24 22:13:24.572 [info] > git for-each-ref --format=%(refname)%00%(upstream:short)%00%(objectname)%00%(upstream:track)%00%(upstream:remotename)%00%(upstream:remoteref) refs/heads/avg refs/remotes/avg [4ms]
2024-05-24 22:13:24.588 [info] > git status -z -uall [4ms]
2024-05-24 22:13:29.602 [info] > git config --get commit.template [4ms]
2024-05-24 22:13:29.603 [info] > git for-each-ref --format=%(refname)%00%(upstream:short)%00%(objectname)%00%(upstream:track)%00%(upstream:remotename)%00%(upstream:remoteref) refs/heads/avg refs/remotes/avg [1ms]
2024-05-24 22:13:29.609 [info] > git status -z -uall [4ms]
2024-05-24 22:13:34.622 [info] > git config --get commit.template [4ms]
2024-05-24 22:13:34.623 [info] > git for-each-ref --format=%(refname)%00%(upstream:short)%00%(objectname)%00%(upstream:track)%00%(upstream:remotename)%00%(upstream:remoteref) refs/heads/avg refs/remotes/avg [1ms]
2024-05-24 22:13:34.629 [info] > git status -z -uall [3ms]
2024-05-24 22:13:39.642 [info] > git config --get commit.template [3ms]
2024-05-24 22:13:39.643 [info] > git for-each-ref --format=%(refname)%00%(upstream:short)%00%(objectname)%00%(upstream:track)%00%(upstream:remotename)%00%(upstream:remoteref) refs/heads/avg refs/remotes/avg [1ms]
2024-05-24 22:13:39.649 [info] > git status -z -uall [3ms]
2024-05-24 22:13:47.434 [info] > git config --get commit.template [16ms]
2024-05-24 22:13:47.435 [info] > git for-each-ref --format=%(refname)%00%(upstream:short)%00%(objectname)%00%(upstream:track)%00%(upstream:remotename)%00%(upstream:remoteref) refs/heads/avg refs/remotes/avg [2ms]
2024-05-24 22:13:47.452 [info] > git status -z -uall [6ms]
2024-05-24 22:13:53.108 [info] > git config --get commit.template [12ms]
2024-05-24 22:13:53.109 [info] > git for-each-ref --format=%(refname)%00%(upstream:short)%00%(objectname)%00%(upstream:track)%00%(upstream:remotename)%00%(upstream:remoteref) refs/heads/avg refs/remotes/avg [2ms]
2024-05-24 22:13:53.118 [info] > git status -z -uall [5ms]
2024-05-24 22:13:58.134 [info] > git config --get commit.template [4ms]
2024-05-24 22:13:58.135 [info] > git for-each-ref --format=%(refname)%00%(upstream:short)%00%(objectname)%00%(upstream:track)%00%(upstream:remotename)%00%(upstream:remoteref) refs/heads/avg refs/remotes/avg [1ms]
2024-05-24 22:13:58.141 [info] > git status -z -uall [3ms]
2024-05-24 22:14:03.155 [info] > git config --get commit.template [5ms]
2024-05-24 22:14:03.156 [info] > git for-each-ref --format=%(refname)%00%(upstream:short)%00%(objectname)%00%(upstream:track)%00%(upstream:remotename)%00%(upstream:remoteref) refs/heads/avg refs/remotes/avg [1ms]
2024-05-24 22:14:03.162 [info] > git status -z -uall [3ms]
2024-05-24 22:14:08.175 [info] > git config --get commit.template [4ms]
2024-05-24 22:14:08.175 [info] > git for-each-ref --format=%(refname)%00%(upstream:short)%00%(objectname)%00%(upstream:track)%00%(upstream:remotename)%00%(upstream:remoteref) refs/heads/avg refs/remotes/avg [1ms]
2024-05-24 22:14:08.181 [info] > git status -z -uall [3ms]
2024-05-24 22:14:13.195 [info] > git config --get commit.template [4ms]
2024-05-24 22:14:13.195 [info] > git for-each-ref --format=%(refname)%00%(upstream:short)%00%(objectname)%00%(upstream:track)%00%(upstream:remotename)%00%(upstream:remoteref) refs/heads/avg refs/remotes/avg [1ms]
2024-05-24 22:14:13.202 [info] > git status -z -uall [4ms]
2024-05-24 22:14:18.215 [info] > git config --get commit.template [4ms]
2024-05-24 22:14:18.215 [info] > git for-each-ref --format=%(refname)%00%(upstream:short)%00%(objectname)%00%(upstream:track)%00%(upstream:remotename)%00%(upstream:remoteref) refs/heads/avg refs/remotes/avg [0ms]
2024-05-24 22:14:18.221 [info] > git status -z -uall [2ms]
2024-05-24 22:14:23.236 [info] > git config --get commit.template [5ms]
2024-05-24 22:14:23.236 [info] > git for-each-ref --format=%(refname)%00%(upstream:short)%00%(objectname)%00%(upstream:track)%00%(upstream:remotename)%00%(upstream:remoteref) refs/heads/avg refs/remotes/avg [1ms]
2024-05-24 22:14:23.247 [info] > git status -z -uall [7ms]
2024-05-24 22:14:28.260 [info] > git config --get commit.template [5ms]
2024-05-24 22:14:28.261 [info] > git for-each-ref --format=%(refname)%00%(upstream:short)%00%(objectname)%00%(upstream:track)%00%(upstream:remotename)%00%(upstream:remoteref) refs/heads/avg refs/remotes/avg [1ms]
2024-05-24 22:14:28.267 [info] > git status -z -uall [3ms]
2024-05-24 22:14:33.280 [info] > git config --get commit.template [4ms]
2024-05-24 22:14:33.281 [info] > git for-each-ref --format=%(refname)%00%(upstream:short)%00%(objectname)%00%(upstream:track)%00%(upstream:remotename)%00%(upstream:remoteref) refs/heads/avg refs/remotes/avg [1ms]
2024-05-24 22:14:33.287 [info] > git status -z -uall [3ms]
2024-05-24 22:14:38.299 [info] > git config --get commit.template [4ms]
2024-05-24 22:14:38.300 [info] > git for-each-ref --format=%(refname)%00%(upstream:short)%00%(objectname)%00%(upstream:track)%00%(upstream:remotename)%00%(upstream:remoteref) refs/heads/avg refs/remotes/avg [1ms]
2024-05-24 22:14:38.306 [info] > git status -z -uall [3ms]
2024-05-24 22:14:43.319 [info] > git config --get commit.template [4ms]
2024-05-24 22:14:43.319 [info] > git for-each-ref --format=%(refname)%00%(upstream:short)%00%(objectname)%00%(upstream:track)%00%(upstream:remotename)%00%(upstream:remoteref) refs/heads/avg refs/remotes/avg [1ms]
2024-05-24 22:14:43.325 [info] > git status -z -uall [3ms]
2024-05-24 22:14:48.340 [info] > git config --get commit.template [5ms]
2024-05-24 22:14:48.341 [info] > git for-each-ref --format=%(refname)%00%(upstream:short)%00%(objectname)%00%(upstream:track)%00%(upstream:remotename)%00%(upstream:remoteref) refs/heads/avg refs/remotes/avg [1ms]
2024-05-24 22:14:48.349 [info] > git status -z -uall [4ms]
2024-05-24 22:14:53.362 [info] > git config --get commit.template [4ms]
2024-05-24 22:14:53.363 [info] > git for-each-ref --format=%(refname)%00%(upstream:short)%00%(objectname)%00%(upstream:track)%00%(upstream:remotename)%00%(upstream:remoteref) refs/heads/avg refs/remotes/avg [1ms]
2024-05-24 22:14:53.369 [info] > git status -z -uall [3ms]
2024-05-24 22:14:58.380 [info] > git config --get commit.template [3ms]
2024-05-24 22:14:58.381 [info] > git for-each-ref --format=%(refname)%00%(upstream:short)%00%(objectname)%00%(upstream:track)%00%(upstream:remotename)%00%(upstream:remoteref) refs/heads/avg refs/remotes/avg [1ms]
2024-05-24 22:14:58.387 [info] > git status -z -uall [3ms]
2024-05-24 22:15:03.400 [info] > git config --get commit.template [3ms]
2024-05-24 22:15:03.401 [info] > git for-each-ref --format=%(refname)%00%(upstream:short)%00%(objectname)%00%(upstream:track)%00%(upstream:remotename)%00%(upstream:remoteref) refs/heads/avg refs/remotes/avg [1ms]
2024-05-24 22:15:03.406 [info] > git status -z -uall [3ms]
2024-05-24 22:15:08.421 [info] > git config --get commit.template [3ms]
2024-05-24 22:15:08.422 [info] > git for-each-ref --format=%(refname)%00%(upstream:short)%00%(objectname)%00%(upstream:track)%00%(upstream:remotename)%00%(upstream:remoteref) refs/heads/avg refs/remotes/avg [1ms]
2024-05-24 22:15:08.428 [info] > git status -z -uall [2ms]
2024-05-24 22:15:13.442 [info] > git config --get commit.template [4ms]
2024-05-24 22:15:13.442 [info] > git for-each-ref --format=%(refname)%00%(upstream:short)%00%(objectname)%00%(upstream:track)%00%(upstream:remotename)%00%(upstream:remoteref) refs/heads/avg refs/remotes/avg [1ms]
2024-05-24 22:15:13.448 [info] > git status -z -uall [3ms]
2024-05-24 22:15:18.462 [info] > git config --get commit.template [4ms]
2024-05-24 22:15:18.463 [info] > git for-each-ref --format=%(refname)%00%(upstream:short)%00%(objectname)%00%(upstream:track)%00%(upstream:remotename)%00%(upstream:remoteref) refs/heads/avg refs/remotes/avg [1ms]
2024-05-24 22:15:18.470 [info] > git status -z -uall [3ms]
2024-05-24 22:15:23.484 [info] > git config --get commit.template [4ms]
2024-05-24 22:15:23.484 [info] > git for-each-ref --format=%(refname)%00%(upstream:short)%00%(objectname)%00%(upstream:track)%00%(upstream:remotename)%00%(upstream:remoteref) refs/heads/avg refs/remotes/avg [1ms]
2024-05-24 22:15:23.490 [info] > git status -z -uall [3ms]
2024-05-24 22:15:28.502 [info] > git config --get commit.template [4ms]
2024-05-24 22:15:28.502 [info] > git for-each-ref --format=%(refname)%00%(upstream:short)%00%(objectname)%00%(upstream:track)%00%(upstream:remotename)%00%(upstream:remoteref) refs/heads/avg refs/remotes/avg [1ms]
2024-05-24 22:15:28.509 [info] > git status -z -uall [3ms]
2024-05-24 22:15:33.523 [info] > git config --get commit.template [4ms]
2024-05-24 22:15:33.523 [info] > git for-each-ref --format=%(refname)%00%(upstream:short)%00%(objectname)%00%(upstream:track)%00%(upstream:remotename)%00%(upstream:remoteref) refs/heads/avg refs/remotes/avg [1ms]
2024-05-24 22:15:33.529 [info] > git status -z -uall [3ms]
2024-05-24 22:15:38.562 [info] > git config --get commit.template [4ms]
2024-05-24 22:15:38.562 [info] > git for-each-ref --format=%(refname)%00%(upstream:short)%00%(objectname)%00%(upstream:track)%00%(upstream:remotename)%00%(upstream:remoteref) refs/heads/avg refs/remotes/avg [1ms]
2024-05-24 22:15:38.570 [info] > git status -z -uall [3ms]
2024-05-24 22:15:43.583 [info] > git config --get commit.template [3ms]
2024-05-24 22:15:43.584 [info] > git for-each-ref --format=%(refname)%00%(upstream:short)%00%(objectname)%00%(upstream:track)%00%(upstream:remotename)%00%(upstream:remoteref) refs/heads/avg refs/remotes/avg [1ms]
2024-05-24 22:15:43.590 [info] > git status -z -uall [3ms]
2024-05-24 22:15:48.607 [info] > git config --get commit.template [4ms]
2024-05-24 22:15:48.608 [info] > git for-each-ref --format=%(refname)%00%(upstream:short)%00%(objectname)%00%(upstream:track)%00%(upstream:remotename)%00%(upstream:remoteref) refs/heads/avg refs/remotes/avg [1ms]
2024-05-24 22:15:48.614 [info] > git status -z -uall [3ms]
2024-05-24 22:15:53.626 [info] > git config --get commit.template [4ms]
2024-05-24 22:15:53.627 [info] > git for-each-ref --format=%(refname)%00%(upstream:short)%00%(objectname)%00%(upstream:track)%00%(upstream:remotename)%00%(upstream:remoteref) refs/heads/avg refs/remotes/avg [1ms]
2024-05-24 22:15:53.634 [info] > git status -z -uall [4ms]
2024-05-24 22:15:58.647 [info] > git config --get commit.template [3ms]
2024-05-24 22:15:58.647 [info] > git for-each-ref --format=%(refname)%00%(upstream:short)%00%(objectname)%00%(upstream:track)%00%(upstream:remotename)%00%(upstream:remoteref) refs/heads/avg refs/remotes/avg [1ms]
2024-05-24 22:15:58.653 [info] > git status -z -uall [3ms]
2024-05-24 22:16:03.665 [info] > git config --get commit.template [3ms]
2024-05-24 22:16:03.666 [info] > git for-each-ref --format=%(refname)%00%(upstream:short)%00%(objectname)%00%(upstream:track)%00%(upstream:remotename)%00%(upstream:remoteref) refs/heads/avg refs/remotes/avg [1ms]
2024-05-24 22:16:03.672 [info] > git status -z -uall [3ms]
2024-05-24 22:16:08.684 [info] > git config --get commit.template [4ms]
2024-05-24 22:16:08.684 [info] > git for-each-ref --format=%(refname)%00%(upstream:short)%00%(objectname)%00%(upstream:track)%00%(upstream:remotename)%00%(upstream:remoteref) refs/heads/avg refs/remotes/avg [0ms]
2024-05-24 22:16:08.691 [info] > git status -z -uall [4ms]
2024-05-24 22:16:42.048 [info] > git config --get commit.template [10ms]
2024-05-24 22:16:42.048 [info] > git for-each-ref --format=%(refname)%00%(upstream:short)%00%(objectname)%00%(upstream:track)%00%(upstream:remotename)%00%(upstream:remoteref) refs/heads/avg refs/remotes/avg [1ms]
2024-05-24 22:16:42.057 [info] > git status -z -uall [3ms]
2024-05-24 22:16:55.901 [info] > git config --local branch.avg.github-pr-owner-number [1ms]
2024-05-24 22:16:55.901 [warning] git config failed: Failed to execute git
2024-05-24 22:21:55.908 [info] > git config --local branch.avg.github-pr-owner-number [0ms]
2024-05-24 22:21:55.908 [warning] git config failed: Failed to execute git
2024-05-24 22:25:43.312 [info] > git config --get commit.template [14ms]
2024-05-24 22:25:43.313 [info] > git for-each-ref --format=%(refname)%00%(upstream:short)%00%(objectname)%00%(upstream:track)%00%(upstream:remotename)%00%(upstream:remoteref) refs/heads/avg refs/remotes/avg [1ms]
2024-05-24 22:25:43.331 [info] > git status -z -uall [7ms]
2024-05-24 22:25:48.351 [info] > git config --get commit.template [6ms]
2024-05-24 22:25:48.352 [info] > git for-each-ref --format=%(refname)%00%(upstream:short)%00%(objectname)%00%(upstream:track)%00%(upstream:remotename)%00%(upstream:remoteref) refs/heads/avg refs/remotes/avg [2ms]
2024-05-24 22:25:48.358 [info] > git status -z -uall [3ms]
2024-05-24 22:25:53.378 [info] > git config --get commit.template [7ms]
2024-05-24 22:25:53.379 [info] > git for-each-ref --format=%(refname)%00%(upstream:short)%00%(objectname)%00%(upstream:track)%00%(upstream:remotename)%00%(upstream:remoteref) refs/heads/avg refs/remotes/avg [2ms]
2024-05-24 22:25:53.392 [info] > git status -z -uall [4ms]
2024-05-24 22:25:58.406 [info] > git config --get commit.template [4ms]
2024-05-24 22:25:58.407 [info] > git for-each-ref --format=%(refname)%00%(upstream:short)%00%(objectname)%00%(upstream:track)%00%(upstream:remotename)%00%(upstream:remoteref) refs/heads/avg refs/remotes/avg [1ms]
2024-05-24 22:25:58.413 [info] > git status -z -uall [3ms]
2024-05-24 22:26:03.426 [info] > git config --get commit.template [4ms]
2024-05-24 22:26:03.427 [info] > git for-each-ref --format=%(refname)%00%(upstream:short)%00%(objectname)%00%(upstream:track)%00%(upstream:remotename)%00%(upstream:remoteref) refs/heads/avg refs/remotes/avg [1ms]
2024-05-24 22:26:03.433 [info] > git status -z -uall [3ms]
2024-05-24 22:26:08.445 [info] > git config --get commit.template [3ms]
2024-05-24 22:26:08.446 [info] > git for-each-ref --format=%(refname)%00%(upstream:short)%00%(objectname)%00%(upstream:track)%00%(upstream:remotename)%00%(upstream:remoteref) refs/heads/avg refs/remotes/avg [1ms]
2024-05-24 22:26:08.452 [info] > git status -z -uall [3ms]
2024-05-24 22:26:13.463 [info] > git config --get commit.template [3ms]
2024-05-24 22:26:13.464 [info] > git for-each-ref --format=%(refname)%00%(upstream:short)%00%(objectname)%00%(upstream:track)%00%(upstream:remotename)%00%(upstream:remoteref) refs/heads/avg refs/remotes/avg [1ms]
2024-05-24 22:26:13.470 [info] > git status -z -uall [3ms]
2024-05-24 22:26:20.001 [info] > git config --get commit.template [18ms]
2024-05-24 22:26:20.002 [info] > git for-each-ref --format=%(refname)%00%(upstream:short)%00%(objectname)%00%(upstream:track)%00%(upstream:remotename)%00%(upstream:remoteref) refs/heads/avg refs/remotes/avg [2ms]
2024-05-24 22:26:20.013 [info] > git status -z -uall [3ms]
2024-05-24 22:26:25.031 [info] > git config --get commit.template [5ms]
2024-05-24 22:26:25.031 [info] > git for-each-ref --format=%(refname)%00%(upstream:short)%00%(objectname)%00%(upstream:track)%00%(upstream:remotename)%00%(upstream:remoteref) refs/heads/avg refs/remotes/avg [1ms]
2024-05-24 22:26:25.037 [info] > git status -z -uall [2ms]
2024-05-24 22:26:30.050 [info] > git config --get commit.template [4ms]
2024-05-24 22:26:30.050 [info] > git for-each-ref --format=%(refname)%00%(upstream:short)%00%(objectname)%00%(upstream:track)%00%(upstream:remotename)%00%(upstream:remoteref) refs/heads/avg refs/remotes/avg [1ms]
2024-05-24 22:26:30.057 [info] > git status -z -uall [3ms]
2024-05-24 22:26:35.070 [info] > git config --get commit.template [4ms]
2024-05-24 22:26:35.070 [info] > git for-each-ref --format=%(refname)%00%(upstream:short)%00%(objectname)%00%(upstream:track)%00%(upstream:remotename)%00%(upstream:remoteref) refs/heads/avg refs/remotes/avg [1ms]
2024-05-24 22:26:35.076 [info] > git status -z -uall [2ms]
2024-05-24 22:26:40.089 [info] > git config --get commit.template [4ms]
2024-05-24 22:26:40.089 [info] > git for-each-ref --format=%(refname)%00%(upstream:short)%00%(objectname)%00%(upstream:track)%00%(upstream:remotename)%00%(upstream:remoteref) refs/heads/avg refs/remotes/avg [1ms]
2024-05-24 22:26:40.096 [info] > git status -z -uall [4ms]
2024-05-24 22:26:45.108 [info] > git config --get commit.template [4ms]
2024-05-24 22:26:45.108 [info] > git for-each-ref --format=%(refname)%00%(upstream:short)%00%(objectname)%00%(upstream:track)%00%(upstream:remotename)%00%(upstream:remoteref) refs/heads/avg refs/remotes/avg [1ms]
2024-05-24 22:26:45.115 [info] > git status -z -uall [3ms]
2024-05-24 22:26:52.447 [info] > git config --get commit.template [10ms]
2024-05-24 22:26:52.447 [info] > git for-each-ref --format=%(refname)%00%(upstream:short)%00%(objectname)%00%(upstream:track)%00%(upstream:remotename)%00%(upstream:remoteref) refs/heads/avg refs/remotes/avg [1ms]
2024-05-24 22:26:52.456 [info] > git status -z -uall [5ms]
2024-05-24 22:26:55.913 [info] > git config --local branch.avg.github-pr-owner-number [1ms]
2024-05-24 22:26:55.913 [warning] git config failed: Failed to execute git
2024-05-24 22:26:57.470 [info] > git config --get commit.template [4ms]
2024-05-24 22:26:57.471 [info] > git for-each-ref --format=%(refname)%00%(upstream:short)%00%(objectname)%00%(upstream:track)%00%(upstream:remotename)%00%(upstream:remoteref) refs/heads/avg refs/remotes/avg [1ms]
2024-05-24 22:26:57.477 [info] > git status -z -uall [3ms]
2024-05-24 22:27:07.893 [info] > git config --get commit.template [18ms]
2024-05-24 22:27:07.898 [info] > git for-each-ref --format=%(refname)%00%(upstream:short)%00%(objectname)%00%(upstream:track)%00%(upstream:remotename)%00%(upstream:remoteref) refs/heads/avg refs/remotes/avg [5ms]
2024-05-24 22:27:07.915 [info] > git status -z -uall [6ms]
2024-05-24 22:27:13.300 [info] > git config --get commit.template [22ms]
2024-05-24 22:27:13.301 [info] > git for-each-ref --format=%(refname)%00%(upstream:short)%00%(objectname)%00%(upstream:track)%00%(upstream:remotename)%00%(upstream:remoteref) refs/heads/avg refs/remotes/avg [3ms]
2024-05-24 22:27:13.318 [info] > git status -z -uall [5ms]
2024-05-24 22:27:21.743 [info] > git config --get commit.template [10ms]
2024-05-24 22:27:21.744 [info] > git for-each-ref --format=%(refname)%00%(upstream:short)%00%(objectname)%00%(upstream:track)%00%(upstream:remotename)%00%(upstream:remoteref) refs/heads/avg refs/remotes/avg [1ms]
2024-05-24 22:27:21.753 [info] > git status -z -uall [4ms]
2024-05-24 22:27:26.766 [info] > git config --get commit.template [3ms]
2024-05-24 22:27:26.767 [info] > git for-each-ref --format=%(refname)%00%(upstream:short)%00%(objectname)%00%(upstream:track)%00%(upstream:remotename)%00%(upstream:remoteref) refs/heads/avg refs/remotes/avg [1ms]
2024-05-24 22:27:26.773 [info] > git status -z -uall [3ms]
2024-05-24 22:27:31.786 [info] > git config --get commit.template [4ms]
2024-05-24 22:27:31.786 [info] > git for-each-ref --format=%(refname)%00%(upstream:short)%00%(objectname)%00%(upstream:track)%00%(upstream:remotename)%00%(upstream:remoteref) refs/heads/avg refs/remotes/avg [1ms]
2024-05-24 22:27:31.793 [info] > git status -z -uall [3ms]
2024-05-24 22:27:36.806 [info] > git config --get commit.template [4ms]
2024-05-24 22:27:36.807 [info] > git for-each-ref --format=%(refname)%00%(upstream:short)%00%(objectname)%00%(upstream:track)%00%(upstream:remotename)%00%(upstream:remoteref) refs/heads/avg refs/remotes/avg [1ms]
2024-05-24 22:27:36.813 [info] > git status -z -uall [3ms]
2024-05-24 22:27:41.830 [info] > git config --get commit.template [4ms]
2024-05-24 22:27:41.831 [info] > git for-each-ref --format=%(refname)%00%(upstream:short)%00%(objectname)%00%(upstream:track)%00%(upstream:remotename)%00%(upstream:remoteref) refs/heads/avg refs/remotes/avg [1ms]
2024-05-24 22:27:41.841 [info] > git status -z -uall [3ms]
2024-05-24 22:27:46.859 [info] > git config --get commit.template [5ms]
2024-05-24 22:27:46.859 [info] > git for-each-ref --format=%(refname)%00%(upstream:short)%00%(objectname)%00%(upstream:track)%00%(upstream:remotename)%00%(upstream:remoteref) refs/heads/avg refs/remotes/avg [1ms]
2024-05-24 22:27:46.865 [info] > git status -z -uall [3ms]
2024-05-24 22:27:51.882 [info] > git config --get commit.template [4ms]
2024-05-24 22:27:51.883 [info] > git for-each-ref --format=%(refname)%00%(upstream:short)%00%(objectname)%00%(upstream:track)%00%(upstream:remotename)%00%(upstream:remoteref) refs/heads/avg refs/remotes/avg [0ms]
2024-05-24 22:27:51.889 [info] > git status -z -uall [3ms]
2024-05-24 22:27:56.902 [info] > git config --get commit.template [4ms]
2024-05-24 22:27:56.902 [info] > git for-each-ref --format=%(refname)%00%(upstream:short)%00%(objectname)%00%(upstream:track)%00%(upstream:remotename)%00%(upstream:remoteref) refs/heads/avg refs/remotes/avg [1ms]
2024-05-24 22:27:56.908 [info] > git status -z -uall [3ms]
2024-05-24 22:28:01.923 [info] > git config --get commit.template [4ms]
2024-05-24 22:28:01.923 [info] > git for-each-ref --format=%(refname)%00%(upstream:short)%00%(objectname)%00%(upstream:track)%00%(upstream:remotename)%00%(upstream:remoteref) refs/heads/avg refs/remotes/avg [1ms]
2024-05-24 22:28:01.930 [info] > git status -z -uall [3ms]
2024-05-24 22:28:06.946 [info] > git config --get commit.template [4ms]
2024-05-24 22:28:06.946 [info] > git for-each-ref --format=%(refname)%00%(upstream:short)%00%(objectname)%00%(upstream:track)%00%(upstream:remotename)%00%(upstream:remoteref) refs/heads/avg refs/remotes/avg [1ms]
2024-05-24 22:28:06.954 [info] > git status -z -uall [4ms]
2024-05-24 22:28:11.971 [info] > git config --get commit.template [4ms]
2024-05-24 22:28:11.972 [info] > git for-each-ref --format=%(refname)%00%(upstream:short)%00%(objectname)%00%(upstream:track)%00%(upstream:remotename)%00%(upstream:remoteref) refs/heads/avg refs/remotes/avg [1ms]
2024-05-24 22:28:11.977 [info] > git status -z -uall [2ms]
2024-05-24 22:28:16.989 [info] > git config --get commit.template [3ms]
2024-05-24 22:28:16.990 [info] > git for-each-ref --format=%(refname)%00%(upstream:short)%00%(objectname)%00%(upstream:track)%00%(upstream:remotename)%00%(upstream:remoteref) refs/heads/avg refs/remotes/avg [1ms]
2024-05-24 22:28:16.996 [info] > git status -z -uall [3ms]
2024-05-24 22:28:22.010 [info] > git config --get commit.template [4ms]
2024-05-24 22:28:22.011 [info] > git for-each-ref --format=%(refname)%00%(upstream:short)%00%(objectname)%00%(upstream:track)%00%(upstream:remotename)%00%(upstream:remoteref) refs/heads/avg refs/remotes/avg [1ms]
2024-05-24 22:28:22.017 [info] > git status -z -uall [3ms]
2024-05-24 22:28:27.029 [info] > git config --get commit.template [3ms]
2024-05-24 22:28:27.030 [info] > git for-each-ref --format=%(refname)%00%(upstream:short)%00%(objectname)%00%(upstream:track)%00%(upstream:remotename)%00%(upstream:remoteref) refs/heads/avg refs/remotes/avg [1ms]
2024-05-24 22:28:27.036 [info] > git status -z -uall [3ms]
2024-05-24 22:28:32.051 [info] > git config --get commit.template [4ms]
2024-05-24 22:28:32.052 [info] > git for-each-ref --format=%(refname)%00%(upstream:short)%00%(objectname)%00%(upstream:track)%00%(upstream:remotename)%00%(upstream:remoteref) refs/heads/avg refs/remotes/avg [1ms]
2024-05-24 22:28:32.057 [info] > git status -z -uall [2ms]
2024-05-24 22:28:44.637 [info] > git config --get commit.template [10ms]
2024-05-24 22:28:44.638 [info] > git for-each-ref --format=%(refname)%00%(upstream:short)%00%(objectname)%00%(upstream:track)%00%(upstream:remotename)%00%(upstream:remoteref) refs/heads/avg refs/remotes/avg [1ms]
2024-05-24 22:28:44.656 [info] > git status -z -uall [4ms]
2024-05-24 22:29:35.764 [info] > git config --get commit.template [14ms]
2024-05-24 22:29:35.765 [info] > git for-each-ref --format=%(refname)%00%(upstream:short)%00%(objectname)%00%(upstream:track)%00%(upstream:remotename)%00%(upstream:remoteref) refs/heads/avg refs/remotes/avg [2ms]
2024-05-24 22:29:35.790 [info] > git status -z -uall [15ms]
2024-05-24 22:29:35.812 [info] > git merge-base refs/heads/avg refs/remotes/origin/avg [10ms]
2024-05-24 22:29:35.822 [info] > git ls-files --stage -- /home/kyawkyawlin/Sites/laravel10-collection/app/Http/Controllers/HomeController.php [33ms]
2024-05-24 22:29:35.830 [info] > git rev-list --count --left-right refs/heads/avg...refs/remotes/origin/avg [9ms]
2024-05-24 22:29:35.858 [info] > git diff --name-status -z --diff-filter=ADMR 53aaa1d90397cefc0d799b8c6c2d879cf18706fe...refs/remotes/origin/avg [15ms]
2024-05-24 22:29:35.859 [info] > git cat-file -s 1ea1b7ac51adfa3b595de57f01bca60f42e67464 [30ms]
2024-05-24 22:29:35.861 [info] > git config --local branch.avg.github-pr-owner-number [5ms]
2024-05-24 22:29:35.862 [warning] git config failed: Failed to execute git
2024-05-24 22:29:35.873 [info] > git show --textconv :app/Http/Controllers/HomeController.php [1ms]
2024-05-24 22:29:40.823 [info] > git config --get commit.template [4ms]
2024-05-24 22:29:40.824 [info] > git for-each-ref --format=%(refname)%00%(upstream:short)%00%(objectname)%00%(upstream:track)%00%(upstream:remotename)%00%(upstream:remoteref) refs/heads/avg refs/remotes/avg [2ms]
2024-05-24 22:29:40.832 [info] > git status -z -uall [4ms]
2024-05-24 22:29:45.844 [info] > git config --get commit.template [3ms]
2024-05-24 22:29:45.845 [info] > git for-each-ref --format=%(refname)%00%(upstream:short)%00%(objectname)%00%(upstream:track)%00%(upstream:remotename)%00%(upstream:remoteref) refs/heads/avg refs/remotes/avg [1ms]
2024-05-24 22:29:45.851 [info] > git status -z -uall [3ms]
2024-05-24 22:30:42.373 [info] > git config --get commit.template [10ms]
2024-05-24 22:30:42.374 [info] > git for-each-ref --format=%(refname)%00%(upstream:short)%00%(objectname)%00%(upstream:track)%00%(upstream:remotename)%00%(upstream:remoteref) refs/heads/avg refs/remotes/avg [2ms]
2024-05-24 22:30:42.381 [info] > git status -z -uall [3ms]
2024-05-24 22:31:35.984 [info] > git config --get commit.template [17ms]
2024-05-24 22:31:35.986 [info] > git for-each-ref --format=%(refname)%00%(upstream:short)%00%(objectname)%00%(upstream:track)%00%(upstream:remotename)%00%(upstream:remoteref) refs/heads/avg refs/remotes/avg [3ms]
2024-05-24 22:31:36.005 [info] > git status -z -uall [4ms]
2024-05-24 22:31:55.918 [info] > git config --local branch.avg.github-pr-owner-number [1ms]
2024-05-24 22:31:55.918 [warning] git config failed: Failed to execute git
2024-05-24 22:31:58.362 [info] > git config --get commit.template [22ms]
2024-05-24 22:31:58.371 [info] > git ls-files --stage -- /home/kyawkyawlin/Sites/laravel10-collection/app/Http/Controllers/HomeController.php [10ms]
2024-05-24 22:31:58.373 [info] > git for-each-ref --format=%(refname)%00%(upstream:short)%00%(objectname)%00%(upstream:track)%00%(upstream:remotename)%00%(upstream:remoteref) refs/heads/max refs/remotes/max [3ms]
2024-05-24 22:31:58.397 [info] > git status -z -uall [11ms]
2024-05-24 22:31:58.408 [info] > git show --textconv :app/Http/Controllers/HomeController.php [12ms]
2024-05-24 22:31:58.431 [info] > git config --local branch.max.github-pr-owner-number [2ms]
2024-05-24 22:31:58.432 [warning] git config failed: Failed to execute git
2024-05-24 22:31:58.440 [info] > git config --local branch.max.remote [1ms]
2024-05-24 22:31:58.440 [warning] git config failed: Failed to execute git
2024-05-24 22:31:58.449 [info] > git config --local branch.max.merge [2ms]
2024-05-24 22:31:58.450 [warning] git config failed: Failed to execute git
2024-05-24 22:32:02.282 [info] > git check-ignore -v -z --stdin [1ms]
2024-05-24 22:32:03.416 [info] > git config --get commit.template [3ms]
2024-05-24 22:32:03.416 [info] > git for-each-ref --format=%(refname)%00%(upstream:short)%00%(objectname)%00%(upstream:track)%00%(upstream:remotename)%00%(upstream:remoteref) refs/heads/max refs/remotes/max [1ms]
2024-05-24 22:32:03.423 [info] > git status -z -uall [3ms]
2024-05-24 22:33:16.649 [info] > git config --get commit.template [6ms]
2024-05-24 22:33:16.662 [info] > git ls-files --stage -- /home/kyawkyawlin/Sites/laravel10-collection/app/Http/Controllers/HomeController.php [13ms]
2024-05-24 22:33:16.663 [info] > git for-each-ref --format=%(refname)%00%(upstream:short)%00%(objectname)%00%(upstream:track)%00%(upstream:remotename)%00%(upstream:remoteref) refs/heads/max refs/remotes/max [3ms]
2024-05-24 22:33:16.677 [info] > git status -z -uall [6ms]
2024-05-24 22:33:16.684 [info] > git show --textconv :app/Http/Controllers/HomeController.php [8ms]
2024-05-24 22:33:35.621 [info] > git config --get commit.template [15ms]
2024-05-24 22:33:35.626 [info] > git for-each-ref --format=%(refname)%00%(upstream:short)%00%(objectname)%00%(upstream:track)%00%(upstream:remotename)%00%(upstream:remoteref) refs/heads/max refs/remotes/max [6ms]
2024-05-24 22:33:35.647 [info] > git status -z -uall [8ms]
2024-05-24 22:36:55.924 [info] > git config --local branch.max.github-pr-owner-number [1ms]
2024-05-24 22:36:55.924 [warning] git config failed: Failed to execute git
2024-05-24 22:41:55.929 [info] > git config --local branch.max.github-pr-owner-number [1ms]
2024-05-24 22:41:55.929 [warning] git config failed: Failed to execute git
2024-05-24 22:46:55.934 [info] > git config --local branch.max.github-pr-owner-number [1ms]
2024-05-24 22:46:55.934 [warning] git config failed: Failed to execute git
2024-05-24 22:51:55.941 [info] > git config --local branch.max.github-pr-owner-number [1ms]
2024-05-24 22:51:55.941 [warning] git config failed: Failed to execute git
2024-05-24 22:52:40.590 [info] > git config --get commit.template [8ms]
2024-05-24 22:52:40.591 [info] > git for-each-ref --format=%(refname)%00%(upstream:short)%00%(objectname)%00%(upstream:track)%00%(upstream:remotename)%00%(upstream:remoteref) refs/heads/max refs/remotes/max [1ms]
2024-05-24 22:52:40.601 [info] > git status -z -uall [4ms]
2024-05-24 22:52:45.616 [info] > git config --get commit.template [4ms]
2024-05-24 22:52:45.616 [info] > git for-each-ref --format=%(refname)%00%(upstream:short)%00%(objectname)%00%(upstream:track)%00%(upstream:remotename)%00%(upstream:remoteref) refs/heads/max refs/remotes/max [1ms]
2024-05-24 22:52:45.623 [info] > git status -z -uall [3ms]
2024-05-24 22:52:50.636 [info] > git config --get commit.template [4ms]
2024-05-24 22:52:50.636 [info] > git for-each-ref --format=%(refname)%00%(upstream:short)%00%(objectname)%00%(upstream:track)%00%(upstream:remotename)%00%(upstream:remoteref) refs/heads/max refs/remotes/max [1ms]
2024-05-24 22:52:50.642 [info] > git status -z -uall [3ms]
2024-05-24 22:52:55.656 [info] > git config --get commit.template [4ms]
2024-05-24 22:52:55.657 [info] > git for-each-ref --format=%(refname)%00%(upstream:short)%00%(objectname)%00%(upstream:track)%00%(upstream:remotename)%00%(upstream:remoteref) refs/heads/max refs/remotes/max [1ms]
2024-05-24 22:52:55.663 [info] > git status -z -uall [3ms]
2024-05-24 22:53:00.675 [info] > git config --get commit.template [4ms]
2024-05-24 22:53:00.676 [info] > git for-each-ref --format=%(refname)%00%(upstream:short)%00%(objectname)%00%(upstream:track)%00%(upstream:remotename)%00%(upstream:remoteref) refs/heads/max refs/remotes/max [1ms]
2024-05-24 22:53:00.682 [info] > git status -z -uall [3ms]
2024-05-24 22:55:13.015 [info] > git config --get commit.template [13ms]
2024-05-24 22:55:13.016 [info] > git for-each-ref --format=%(refname)%00%(upstream:short)%00%(objectname)%00%(upstream:track)%00%(upstream:remotename)%00%(upstream:remoteref) refs/heads/max refs/remotes/max [2ms]
2024-05-24 22:55:13.029 [info] > git status -z -uall [4ms]
2024-05-24 22:55:20.037 [info] > git config --get commit.template [13ms]
2024-05-24 22:55:20.039 [info] > git for-each-ref --format=%(refname)%00%(upstream:short)%00%(objectname)%00%(upstream:track)%00%(upstream:remotename)%00%(upstream:remoteref) refs/heads/max refs/remotes/max [3ms]
2024-05-24 22:55:20.048 [info] > git status -z -uall [3ms]
2024-05-24 22:55:26.522 [info] > git config --get commit.template [14ms]
2024-05-24 22:55:26.523 [info] > git for-each-ref --format=%(refname)%00%(upstream:short)%00%(objectname)%00%(upstream:track)%00%(upstream:remotename)%00%(upstream:remoteref) refs/heads/max refs/remotes/max [2ms]
2024-05-24 22:55:26.535 [info] > git status -z -uall [4ms]
2024-05-24 22:55:32.148 [info] > git config --get commit.template [11ms]
2024-05-24 22:55:32.149 [info] > git for-each-ref --format=%(refname)%00%(upstream:short)%00%(objectname)%00%(upstream:track)%00%(upstream:remotename)%00%(upstream:remoteref) refs/heads/max refs/remotes/max [2ms]
2024-05-24 22:55:32.161 [info] > git status -z -uall [4ms]
2024-05-24 22:55:37.263 [info] > git config --get commit.template [14ms]
2024-05-24 22:55:37.263 [info] > git for-each-ref --format=%(refname)%00%(upstream:short)%00%(objectname)%00%(upstream:track)%00%(upstream:remotename)%00%(upstream:remoteref) refs/heads/max refs/remotes/max [1ms]
2024-05-24 22:55:37.274 [info] > git status -z -uall [4ms]
2024-05-24 22:55:42.287 [info] > git config --get commit.template [3ms]
2024-05-24 22:55:42.288 [info] > git for-each-ref --format=%(refname)%00%(upstream:short)%00%(objectname)%00%(upstream:track)%00%(upstream:remotename)%00%(upstream:remoteref) refs/heads/max refs/remotes/max [1ms]
2024-05-24 22:55:42.294 [info] > git status -z -uall [3ms]
2024-05-24 22:55:47.307 [info] > git config --get commit.template [3ms]
2024-05-24 22:55:47.308 [info] > git for-each-ref --format=%(refname)%00%(upstream:short)%00%(objectname)%00%(upstream:track)%00%(upstream:remotename)%00%(upstream:remoteref) refs/heads/max refs/remotes/max [1ms]
2024-05-24 22:55:47.315 [info] > git status -z -uall [3ms]
2024-05-24 22:55:52.327 [info] > git config --get commit.template [4ms]
2024-05-24 22:55:52.328 [info] > git for-each-ref --format=%(refname)%00%(upstream:short)%00%(objectname)%00%(upstream:track)%00%(upstream:remotename)%00%(upstream:remoteref) refs/heads/max refs/remotes/max [1ms]
2024-05-24 22:55:52.333 [info] > git status -z -uall [3ms]
2024-05-24 22:55:57.346 [info] > git config --get commit.template [4ms]
2024-05-24 22:55:57.347 [info] > git for-each-ref --format=%(refname)%00%(upstream:short)%00%(objectname)%00%(upstream:track)%00%(upstream:remotename)%00%(upstream:remoteref) refs/heads/max refs/remotes/max [1ms]
2024-05-24 22:55:57.354 [info] > git status -z -uall [3ms]
2024-05-24 22:56:09.356 [info] > git config --get commit.template [14ms]
2024-05-24 22:56:09.357 [info] > git for-each-ref --format=%(refname)%00%(upstream:short)%00%(objectname)%00%(upstream:track)%00%(upstream:remotename)%00%(upstream:remoteref) refs/heads/max refs/remotes/max [3ms]
2024-05-24 22:56:09.375 [info] > git status -z -uall [5ms]
2024-05-24 22:56:16.127 [info] > git config --get commit.template [12ms]
2024-05-24 22:56:16.127 [info] > git for-each-ref --format=%(refname)%00%(upstream:short)%00%(objectname)%00%(upstream:track)%00%(upstream:remotename)%00%(upstream:remoteref) refs/heads/max refs/remotes/max [1ms]
2024-05-24 22:56:16.136 [info] > git status -z -uall [5ms]
2024-05-24 22:56:21.152 [info] > git config --get commit.template [4ms]
2024-05-24 22:56:21.152 [info] > git for-each-ref --format=%(refname)%00%(upstream:short)%00%(objectname)%00%(upstream:track)%00%(upstream:remotename)%00%(upstream:remoteref) refs/heads/max refs/remotes/max [0ms]
2024-05-24 22:56:21.159 [info] > git status -z -uall [3ms]
2024-05-24 22:56:51.587 [info] > git config --get commit.template [17ms]
2024-05-24 22:56:51.588 [info] > git for-each-ref --format=%(refname)%00%(upstream:short)%00%(objectname)%00%(upstream:track)%00%(upstream:remotename)%00%(upstream:remoteref) refs/heads/max refs/remotes/max [2ms]
2024-05-24 22:56:51.598 [info] > git status -z -uall [4ms]
2024-05-24 22:56:55.948 [info] > git config --local branch.max.github-pr-owner-number [1ms]
2024-05-24 22:56:55.948 [warning] git config failed: Failed to execute git
2024-05-24 22:56:56.611 [info] > git config --get commit.template [3ms]
2024-05-24 22:56:56.612 [info] > git for-each-ref --format=%(refname)%00%(upstream:short)%00%(objectname)%00%(upstream:track)%00%(upstream:remotename)%00%(upstream:remoteref) refs/heads/max refs/remotes/max [1ms]
2024-05-24 22:56:56.619 [info] > git status -z -uall [3ms]
2024-05-24 22:57:01.632 [info] > git config --get commit.template [4ms]
2024-05-24 22:57:01.632 [info] > git for-each-ref --format=%(refname)%00%(upstream:short)%00%(objectname)%00%(upstream:track)%00%(upstream:remotename)%00%(upstream:remoteref) refs/heads/max refs/remotes/max [1ms]
2024-05-24 22:57:01.638 [info] > git status -z -uall [3ms]
2024-05-24 22:57:06.651 [info] > git config --get commit.template [4ms]
2024-05-24 22:57:06.651 [info] > git for-each-ref --format=%(refname)%00%(upstream:short)%00%(objectname)%00%(upstream:track)%00%(upstream:remotename)%00%(upstream:remoteref) refs/heads/max refs/remotes/max [0ms]
2024-05-24 22:57:06.659 [info] > git status -z -uall [4ms]
