2024-05-24 21:59:22.061 [info] Reading sessions from keychain...
2024-05-24 21:59:22.061 [info] Getting sessions for all scopes...
2024-05-24 21:59:22.176 [info] Got 0 sessions for ...
2024-05-24 21:59:22.177 [info] Getting sessions for all scopes...
2024-05-24 21:59:22.177 [info] Got 0 sessions for ...
2024-05-24 21:59:22.209 [info] Getting sessions for project,read:org,read:user,repo,user:email,workflow...
2024-05-24 21:59:22.209 [info] Got 0 sessions for project,read:org,read:user,repo,user:email,workflow...
2024-05-24 21:59:22.210 [info] Getting sessions for read:user,repo,user:email,workflow...
2024-05-24 21:59:22.210 [info] Got 0 sessions for read:user,repo,user:email,workflow...
2024-05-24 21:59:22.211 [info] Getting sessions for read:user,repo,user:email...
2024-05-24 21:59:22.211 [info] Got 0 sessions for read:user,repo,user:email...
2024-05-24 21:59:22.211 [info] Getting sessions for read:user,repo,user:email,workflow...
2024-05-24 21:59:22.211 [info] Got 0 sessions for read:user,repo,user:email,workflow...
2024-05-24 22:01:55.856 [info] Getting sessions for read:user,repo,user:email,workflow...
2024-05-24 22:01:55.856 [info] Got 0 sessions for read:user,repo,user:email,workflow...
2024-05-24 22:01:55.886 [info] Getting sessions for read:user...
2024-05-24 22:01:55.886 [info] Got 0 sessions for read:user...
2024-05-24 22:01:55.955 [info] Getting sessions for user:email...
2024-05-24 22:01:55.955 [info] Got 0 sessions for user:email...
2024-05-24 22:01:57.850 [info] Getting sessions for read:user,repo,user:email,workflow...
2024-05-24 22:01:57.850 [info] Got 0 sessions for read:user,repo,user:email,workflow...
2024-05-24 22:01:57.855 [info] Getting sessions for read:user...
2024-05-24 22:01:57.855 [info] Got 0 sessions for read:user...
2024-05-24 22:01:57.856 [info] Getting sessions for user:email...
2024-05-24 22:01:57.856 [info] Got 0 sessions for user:email...
2024-05-24 22:01:57.863 [info] Getting sessions for read:user,repo,user:email,workflow...
2024-05-24 22:01:57.863 [info] Got 0 sessions for read:user,repo,user:email,workflow...
2024-05-24 22:01:57.864 [info] Getting sessions for read:user...
2024-05-24 22:01:57.864 [info] Got 0 sessions for read:user...
2024-05-24 22:01:57.864 [info] Getting sessions for user:email...
2024-05-24 22:01:57.864 [info] Got 0 sessions for user:email...
