Initializing document watcher...
laravel10-collection/app/Http/Controllers/Controller.php: {"insertSpaces":true,"tabSize":4}
laravel10-collection/app/Http/Controllers/HomeController.php: {"insertSpaces":true,"tabSize":4}
laravel10-collection/app/Http/Controllers/HomeController.php: Using EditorConfig core...
app/Http/Controllers/HomeController.php: editor.action.trimTrailingWhitespace
laravel10-collection/routes/web.php: {"insertSpaces":true,"tabSize":4}
laravel10-collection/routes/web.php: Using EditorConfig core...
routes/web.php: editor.action.trimTrailingWhitespace
laravel10-collection/routes/web.php: Using EditorConfig core...
routes/web.php: editor.action.trimTrailingWhitespace
laravel10-collection/routes/web.php: Using EditorConfig core...
routes/web.php: editor.action.trimTrailingWhitespace
laravel10-collection/app/Http/Controllers/HomeController.php: {"insertSpaces":true,"tabSize":4}
laravel10-collection/app/Http/Controllers/HomeController.php: Using EditorConfig core...
app/Http/Controllers/HomeController.php: editor.action.trimTrailingWhitespace
laravel10-collection/app/Http/Controllers/HomeController.php: {"insertSpaces":true,"tabSize":4}
laravel10-collection/app/Http/Controllers/HomeController.php: {"insertSpaces":true,"tabSize":4}
laravel10-collection/app/Http/Controllers/HomeController.php: Using EditorConfig core...
app/Http/Controllers/HomeController.php: editor.action.trimTrailingWhitespace
laravel10-collection/app/Http/Controllers/HomeController.php: {"insertSpaces":true,"tabSize":4}
laravel10-collection/app/Http/Controllers/HomeController.php: {"insertSpaces":true,"tabSize":4}
laravel10-collection/app/Http/Controllers/HomeController.php: {"insertSpaces":true,"tabSize":4}
laravel10-collection/app/Http/Controllers/HomeController.php: Using EditorConfig core...
app/Http/Controllers/HomeController.php: editor.action.trimTrailingWhitespace
laravel10-collection/app/Http/Controllers/HomeController.php: Using EditorConfig core...
app/Http/Controllers/HomeController.php: editor.action.trimTrailingWhitespace
laravel10-collection/app/Http/Controllers/HomeController.php: Using EditorConfig core...
app/Http/Controllers/HomeController.php: editor.action.trimTrailingWhitespace
laravel10-collection/app/Http/Controllers/HomeController.php: {"insertSpaces":true,"tabSize":4}
laravel10-collection/app/Http/Controllers/HomeController.php: {"insertSpaces":true,"tabSize":4}
laravel10-collection/app/Http/Controllers/HomeController.php: {"insertSpaces":true,"tabSize":4}
laravel10-collection/app/Http/Controllers/HomeController.php: Using EditorConfig core...
app/Http/Controllers/HomeController.php: editor.action.trimTrailingWhitespace
laravel10-collection/app/Http/Controllers/HomeController.php: {"insertSpaces":true,"tabSize":4}
laravel10-collection/app/Http/Controllers/HomeController.php: {"insertSpaces":true,"tabSize":4}
laravel10-collection/app/Http/Controllers/HomeController.php: Using EditorConfig core...
app/Http/Controllers/HomeController.php: editor.action.trimTrailingWhitespace
laravel10-collection/app/Http/Controllers/HomeController.php: Using EditorConfig core...
app/Http/Controllers/HomeController.php: editor.action.trimTrailingWhitespace
laravel10-collection/app/Http/Controllers/HomeController.php: {"insertSpaces":true,"tabSize":4}
laravel10-collection/app/Http/Controllers/HomeController.php: Using EditorConfig core...
app/Http/Controllers/HomeController.php: editor.action.trimTrailingWhitespace
laravel10-collection/app/Http/Controllers/HomeController.php: {"insertSpaces":true,"tabSize":4}
laravel10-collection/app/Http/Controllers/HomeController.php: Using EditorConfig core...
app/Http/Controllers/HomeController.php: editor.action.trimTrailingWhitespace
laravel10-collection/app/Http/Controllers/HomeController.php: {"insertSpaces":true,"tabSize":4}
laravel10-collection/app/Http/Controllers/HomeController.php: {"insertSpaces":true,"tabSize":4}
laravel10-collection/app/Http/Controllers/HomeController.php: Using EditorConfig core...
app/Http/Controllers/HomeController.php: editor.action.trimTrailingWhitespace
laravel10-collection/app/Http/Controllers/HomeController.php: {"insertSpaces":true,"tabSize":4}
laravel10-collection/app/Http/Controllers/HomeController.php: Using EditorConfig core...
app/Http/Controllers/HomeController.php: editor.action.trimTrailingWhitespace
laravel10-collection/app/Http/Controllers/HomeController.php: {"insertSpaces":true,"tabSize":4}
laravel10-collection/app/Http/Controllers/HomeController.php: Using EditorConfig core...
app/Http/Controllers/HomeController.php: editor.action.trimTrailingWhitespace
laravel10-collection/app/Http/Controllers/HomeController.php: {"insertSpaces":true,"tabSize":4}
laravel10-collection/app/Http/Controllers/HomeController.php: {"insertSpaces":true,"tabSize":4}
laravel10-collection/app/Http/Controllers/HomeController.php: Using EditorConfig core...
app/Http/Controllers/HomeController.php: editor.action.trimTrailingWhitespace
laravel10-collection/app/Http/Controllers/HomeController.php: {"insertSpaces":true,"tabSize":4}
laravel10-collection/app/Http/Controllers/HomeController.php: Using EditorConfig core...
app/Http/Controllers/HomeController.php: editor.action.trimTrailingWhitespace
laravel10-collection/app/Http/Controllers/HomeController.php: {"insertSpaces":true,"tabSize":4}
laravel10-collection/app/Http/Controllers/HomeController.php: {"insertSpaces":true,"tabSize":4}
laravel10-collection/app/Http/Controllers/HomeController.php: {"insertSpaces":true,"tabSize":4}
laravel10-collection/app/Http/Controllers/HomeController.php: Using EditorConfig core...
app/Http/Controllers/HomeController.php: editor.action.trimTrailingWhitespace
laravel10-collection/app/Http/Controllers/HomeController.php: {"insertSpaces":true,"tabSize":4}
laravel10-collection/app/Http/Controllers/HomeController.php: Using EditorConfig core...
app/Http/Controllers/HomeController.php: editor.action.trimTrailingWhitespace
laravel10-collection/app/Http/Controllers/HomeController.php: Using EditorConfig core...
app/Http/Controllers/HomeController.php: editor.action.trimTrailingWhitespace
laravel10-collection/app/Http/Controllers/HomeController.php: Using EditorConfig core...
app/Http/Controllers/HomeController.php: editor.action.trimTrailingWhitespace
laravel10-collection/app/Http/Controllers/HomeController.php: Using EditorConfig core...
app/Http/Controllers/HomeController.php: editor.action.trimTrailingWhitespace
laravel10-collection/app/Http/Controllers/HomeController.php: Using EditorConfig core...
app/Http/Controllers/HomeController.php: editor.action.trimTrailingWhitespace
laravel10-collection/app/Http/Controllers/HomeController.php: Using EditorConfig core...
app/Http/Controllers/HomeController.php: editor.action.trimTrailingWhitespace
laravel10-collection/app/Http/Controllers/HomeController.php: {"insertSpaces":true,"tabSize":4}
laravel10-collection/app/Http/Controllers/HomeController.php: {"insertSpaces":true,"tabSize":4}
laravel10-collection/app/Http/Controllers/HomeController.php: Using EditorConfig core...
app/Http/Controllers/HomeController.php: editor.action.trimTrailingWhitespace
laravel10-collection/app/Http/Controllers/HomeController.php: {"insertSpaces":true,"tabSize":4}
laravel10-collection/app/Http/Controllers/HomeController.php: Using EditorConfig core...
app/Http/Controllers/HomeController.php: editor.action.trimTrailingWhitespace
laravel10-collection/app/Http/Controllers/HomeController.php: Using EditorConfig core...
app/Http/Controllers/HomeController.php: editor.action.trimTrailingWhitespace
laravel10-collection/app/Http/Controllers/HomeController.php: {"insertSpaces":true,"tabSize":4}
laravel10-collection/app/Http/Controllers/HomeController.php: Using EditorConfig core...
app/Http/Controllers/HomeController.php: editor.action.trimTrailingWhitespace
laravel10-collection/app/Http/Controllers/HomeController.php: {"insertSpaces":true,"tabSize":4}
laravel10-collection/app/Http/Controllers/HomeController.php: {"insertSpaces":true,"tabSize":4}
laravel10-collection/app/Http/Controllers/HomeController.php: Using EditorConfig core...
app/Http/Controllers/HomeController.php: editor.action.trimTrailingWhitespace
laravel10-collection/app/Http/Controllers/HomeController.php: {"insertSpaces":true,"tabSize":4}
laravel10-collection/app/Http/Controllers/HomeController.php: {"insertSpaces":true,"tabSize":4}
laravel10-collection/app/Http/Controllers/HomeController.php: {"insertSpaces":true,"tabSize":4}
laravel10-collection/app/Http/Controllers/HomeController.php: Using EditorConfig core...
app/Http/Controllers/HomeController.php: editor.action.trimTrailingWhitespace
laravel10-collection/app/Http/Controllers/HomeController.php: {"insertSpaces":true,"tabSize":4}
laravel10-collection/app/Http/Controllers/HomeController.php: {"insertSpaces":true,"tabSize":4}
laravel10-collection/app/Http/Controllers/HomeController.php: {"insertSpaces":true,"tabSize":4}
laravel10-collection/app/Http/Controllers/HomeController.php: Using EditorConfig core...
app/Http/Controllers/HomeController.php: editor.action.trimTrailingWhitespace
laravel10-collection/app/Http/Controllers/HomeController.php: Using EditorConfig core...
app/Http/Controllers/HomeController.php: editor.action.trimTrailingWhitespace
laravel10-collection/app/Http/Controllers/HomeController.php: {"insertSpaces":true,"tabSize":4}
laravel10-collection/app/Http/Controllers/HomeController.php: {"insertSpaces":true,"tabSize":4}
laravel10-collection/app/Http/Controllers/HomeController.php: Using EditorConfig core...
app/Http/Controllers/HomeController.php: editor.action.trimTrailingWhitespace
laravel10-collection/app/Http/Controllers/HomeController.php: {"insertSpaces":true,"tabSize":4}
laravel10-collection/app/Http/Controllers/HomeController.php: Using EditorConfig core...
app/Http/Controllers/HomeController.php: editor.action.trimTrailingWhitespace
laravel10-collection/app/Http/Controllers/HomeController.php: {"insertSpaces":true,"tabSize":4}
laravel10-collection/app/Http/Controllers/HomeController.php: {"insertSpaces":true,"tabSize":4}
laravel10-collection/app/Http/Controllers/HomeController.php: {"insertSpaces":true,"tabSize":4}
laravel10-collection/app/Http/Controllers/HomeController.php: Using EditorConfig core...
app/Http/Controllers/HomeController.php: editor.action.trimTrailingWhitespace
laravel10-collection/app/Http/Controllers/HomeController.php: {"insertSpaces":true,"tabSize":4}
laravel10-collection/app/Http/Controllers/HomeController.php: {"insertSpaces":true,"tabSize":4}
laravel10-collection/app/Http/Controllers/HomeController.php: {"insertSpaces":true,"tabSize":4}
laravel10-collection/app/Http/Controllers/HomeController.php: Using EditorConfig core...
app/Http/Controllers/HomeController.php: editor.action.trimTrailingWhitespace
laravel10-collection/app/Http/Controllers/HomeController.php: Using EditorConfig core...
app/Http/Controllers/HomeController.php: editor.action.trimTrailingWhitespace
laravel10-collection/app/Http/Controllers/HomeController.php: Using EditorConfig core...
app/Http/Controllers/HomeController.php: editor.action.trimTrailingWhitespace
laravel10-collection/app/Http/Controllers/HomeController.php: Using EditorConfig core...
app/Http/Controllers/HomeController.php: editor.action.trimTrailingWhitespace
laravel10-collection/app/Http/Controllers/HomeController.php: Using EditorConfig core...
app/Http/Controllers/HomeController.php: editor.action.trimTrailingWhitespace
laravel10-collection/app/Http/Controllers/HomeController.php: Using EditorConfig core...
app/Http/Controllers/HomeController.php: editor.action.trimTrailingWhitespace
laravel10-collection/app/Http/Controllers/HomeController.php: {"insertSpaces":true,"tabSize":4}
laravel10-collection/app/Http/Controllers/HomeController.php: {"insertSpaces":true,"tabSize":4}
laravel10-collection/app/Http/Controllers/HomeController.php: {"insertSpaces":true,"tabSize":4}
laravel10-collection/app/Http/Controllers/HomeController.php: {"insertSpaces":true,"tabSize":4}
laravel10-collection/app/Http/Controllers/HomeController.php: Using EditorConfig core...
app/Http/Controllers/HomeController.php: editor.action.trimTrailingWhitespace
laravel10-collection/app/Http/Controllers/HomeController.php: Using EditorConfig core...
app/Http/Controllers/HomeController.php: editor.action.trimTrailingWhitespace
laravel10-collection/app/Http/Controllers/HomeController.php: {"insertSpaces":true,"tabSize":4}
laravel10-collection/app/Http/Controllers/HomeController.php: Using EditorConfig core...
app/Http/Controllers/HomeController.php: editor.action.trimTrailingWhitespace
laravel10-collection/app/Http/Controllers/HomeController.php: Using EditorConfig core...
app/Http/Controllers/HomeController.php: editor.action.trimTrailingWhitespace
laravel10-collection/app/Http/Controllers/HomeController.php: {"insertSpaces":true,"tabSize":4}
laravel10-collection/app/Http/Controllers/HomeController.php: {"insertSpaces":true,"tabSize":4}
laravel10-collection/app/Http/Controllers/HomeController.php: {"insertSpaces":true,"tabSize":4}
laravel10-collection/app/Http/Controllers/HomeController.php: Using EditorConfig core...
app/Http/Controllers/HomeController.php: editor.action.trimTrailingWhitespace
laravel10-collection/app/Http/Controllers/HomeController.php: Using EditorConfig core...
app/Http/Controllers/HomeController.php: editor.action.trimTrailingWhitespace
laravel10-collection/app/Http/Controllers/HomeController.php: Using EditorConfig core...
app/Http/Controllers/HomeController.php: editor.action.trimTrailingWhitespace
laravel10-collection/app/Http/Controllers/HomeController.php: {"insertSpaces":true,"tabSize":4}
laravel10-collection/app/Http/Controllers/HomeController.php: {"insertSpaces":true,"tabSize":4}
laravel10-collection/app/Http/Controllers/HomeController.php: Using EditorConfig core...
app/Http/Controllers/HomeController.php: editor.action.trimTrailingWhitespace
laravel10-collection/app/Http/Controllers/HomeController.php: Using EditorConfig core...
app/Http/Controllers/HomeController.php: editor.action.trimTrailingWhitespace
laravel10-collection/app/Http/Controllers/HomeController.php: Using EditorConfig core...
app/Http/Controllers/HomeController.php: editor.action.trimTrailingWhitespace
laravel10-collection/app/Http/Controllers/HomeController.php: {"insertSpaces":true,"tabSize":4}
laravel10-collection/app/Http/Controllers/HomeController.php: {"insertSpaces":true,"tabSize":4}
laravel10-collection/app/Http/Controllers/HomeController.php: Using EditorConfig core...
app/Http/Controllers/HomeController.php: editor.action.trimTrailingWhitespace
laravel10-collection/app/Http/Controllers/HomeController.php: {"insertSpaces":true,"tabSize":4}
laravel10-collection/app/Http/Controllers/HomeController.php: {"insertSpaces":true,"tabSize":4}
laravel10-collection/app/Http/Controllers/HomeController.php: {"insertSpaces":true,"tabSize":4}
laravel10-collection/app/Http/Controllers/HomeController.php: {"insertSpaces":true,"tabSize":4}
laravel10-collection/app/Http/Controllers/HomeController.php: {"insertSpaces":true,"tabSize":4}
laravel10-collection/app/Http/Controllers/HomeController.php: {"insertSpaces":true,"tabSize":4}
laravel10-collection/app/Http/Controllers/HomeController.php: {"insertSpaces":true,"tabSize":4}
laravel10-collection/app/Http/Controllers/HomeController.php: {"insertSpaces":true,"tabSize":4}
laravel10-collection/app/Http/Controllers/HomeController.php: {"insertSpaces":true,"tabSize":4}
laravel10-collection/app/Http/Controllers/HomeController.php: {"insertSpaces":true,"tabSize":4}
laravel10-collection/app/Http/Controllers/HomeController.php: {"insertSpaces":true,"tabSize":4}
laravel10-collection/app/Http/Controllers/HomeController.php: {"insertSpaces":true,"tabSize":4}
laravel10-collection/app/Http/Controllers/HomeController.php: {"insertSpaces":true,"tabSize":4}
laravel10-collection/app/Http/Controllers/HomeController.php: {"insertSpaces":true,"tabSize":4}
laravel10-collection/app/Http/Controllers/HomeController.php: {"insertSpaces":true,"tabSize":4}
laravel10-collection/app/Http/Controllers/HomeController.php: {"insertSpaces":true,"tabSize":4}
laravel10-collection/app/Http/Controllers/HomeController.php: {"insertSpaces":true,"tabSize":4}
laravel10-collection/app/Http/Controllers/HomeController.php: Using EditorConfig core...
app/Http/Controllers/HomeController.php: editor.action.trimTrailingWhitespace
laravel10-collection/app/Http/Controllers/HomeController.php: Using EditorConfig core...
app/Http/Controllers/HomeController.php: editor.action.trimTrailingWhitespace
laravel10-collection/app/Http/Controllers/HomeController.php: {"insertSpaces":true,"tabSize":4}
laravel10-collection/app/Http/Controllers/HomeController.php: Using EditorConfig core...
app/Http/Controllers/HomeController.php: editor.action.trimTrailingWhitespace
laravel10-collection/app/Http/Controllers/HomeController.php: Using EditorConfig core...
app/Http/Controllers/HomeController.php: editor.action.trimTrailingWhitespace
laravel10-collection/app/Http/Controllers/HomeController.php: {"insertSpaces":true,"tabSize":4}
laravel10-collection/app/Http/Controllers/HomeController.php: {"insertSpaces":true,"tabSize":4}
laravel10-collection/app/Http/Controllers/HomeController.php: {"insertSpaces":true,"tabSize":4}
laravel10-collection/app/Http/Controllers/HomeController.php: {"insertSpaces":true,"tabSize":4}
laravel10-collection/app/Http/Controllers/HomeController.php: {"insertSpaces":true,"tabSize":4}
laravel10-collection/app/Http/Controllers/HomeController.php: {"insertSpaces":true,"tabSize":4}
laravel10-collection/app/Http/Controllers/HomeController.php: {"insertSpaces":true,"tabSize":4}
laravel10-collection/app/Http/Controllers/HomeController.php: {"insertSpaces":true,"tabSize":4}
laravel10-collection/app/Http/Controllers/HomeController.php: {"insertSpaces":true,"tabSize":4}
laravel10-collection/app/Http/Controllers/HomeController.php: {"insertSpaces":true,"tabSize":4}
laravel10-collection/app/Http/Controllers/HomeController.php: {"insertSpaces":true,"tabSize":4}
laravel10-collection/app/Http/Controllers/HomeController.php: Using EditorConfig core...
app/Http/Controllers/HomeController.php: editor.action.trimTrailingWhitespace
laravel10-collection/app/Http/Controllers/HomeController.php: {"insertSpaces":true,"tabSize":4}
laravel10-collection/app/Http/Controllers/HomeController.php: {"insertSpaces":true,"tabSize":4}
laravel10-collection/app/Http/Controllers/HomeController.php: {"insertSpaces":true,"tabSize":4}
laravel10-collection/app/Http/Controllers/HomeController.php: {"insertSpaces":true,"tabSize":4}
laravel10-collection/app/Http/Controllers/HomeController.php: {"insertSpaces":true,"tabSize":4}
laravel10-collection/app/Http/Controllers/HomeController.php: {"insertSpaces":true,"tabSize":4}
laravel10-collection/app/Http/Controllers/HomeController.php: {"insertSpaces":true,"tabSize":4}
laravel10-collection/app/Http/Controllers/HomeController.php: Using EditorConfig core...
app/Http/Controllers/HomeController.php: editor.action.trimTrailingWhitespace
laravel10-collection/app/Http/Controllers/HomeController.php: Using EditorConfig core...
app/Http/Controllers/HomeController.php: editor.action.trimTrailingWhitespace
laravel10-collection/app/Http/Controllers/HomeController.php: Using EditorConfig core...
app/Http/Controllers/HomeController.php: editor.action.trimTrailingWhitespace
laravel10-collection/app/Http/Controllers/HomeController.php: {"insertSpaces":true,"tabSize":4}
